<?xml version="1.0" encoding="UTF-8"?>
<!-- Generated by org.testng.reporters.JUnitXMLReporter -->
<testsuite hostname="IN-PG04JE33" failures="1" tests="5" name="Surefire test" time="64.537" errors="0" timestamp="17 Jul 2025 05:46:44 GMT">
  <testcase classname="SeleniumLearning.SeleniumFrameworkPractice.AddPatientModuleTests" name="AddPatientErrorTest" time="9.598"/>
  <testcase classname="SeleniumLearning.SeleniumFrameworkPractice.AddPatientModuleTests" name="AddPatientTest" time="15.862"/>
  <testcase classname="SeleniumLearning.SeleniumFrameworkPractice.AddPatientModuleTests" name="AddPatientTest" time="8.963">
    <skipped/>
  </testcase> <!-- AddPatientTest -->
  <testcase classname="SeleniumLearning.SeleniumFrameworkPractice.AddPatientModuleTests" name="AddPatientTest" time="8.179">
    <failure type="java.lang.UnsupportedOperationException" message="You may not select an option in disabled select">
      <![CDATA[java.lang.UnsupportedOperationException: You may not select an option in disabled select
	at org.openqa.selenium.support.ui.Select.assertSelectIsEnabled(Select.java:431)
	at org.openqa.selenium.support.ui.Select.selectByIndex(Select.java:261)
	at PageObjects.AddPatientPopUp.addPatientDetails(AddPatientPopUp.java:60)
	at SeleniumLearning.SeleniumFrameworkPractice.AddPatientModuleTests.AddPatientTest(AddPatientModuleTests.java:30)
... Removed 27 stack frames]]>
    </failure>
  </testcase> <!-- AddPatientTest -->
  <testcase classname="SeleniumLearning.SeleniumFrameworkPractice.LoginModuleTests" name="ErrorMessageTest" time="2.885"/>
</testsuite> <!-- Surefire test -->
