<?xml version="1.0" encoding="UTF-8"?>
<!-- Generated by org.testng.reporters.JUnitXMLReporter -->
<testsuite hostname="IN-PG04JE33" failures="1" tests="2" name="Error validation Test" time="11.453" errors="0" timestamp="14 Aug 2025 10:11:42 GMT">
  <testcase classname="SeleniumLearning.SeleniumFrameworkPractice.ErrorValidationsTest" name="LoginErrorValidation" time="1.011">
    <failure type="java.lang.AssertionError" message="expected [Incorrect email or password.] but found [Incorrect email or password1.]">
      <![CDATA[java.lang.AssertionError: expected [Incorrect email or password.] but found [Incorrect email or password1.]
	at SeleniumLearning.SeleniumFrameworkPractice.ErrorValidationsTest.LoginErrorValidation(ErrorValidationsTest.java:27)
	at java.base/java.util.concurrent.FutureTask.run(FutureTask.java:317)
	at java.base/java.util.concurrent.ThreadPoolExecutor.runWorker(ThreadPoolExecutor.java:1144)
	at java.base/java.util.concurrent.ThreadPoolExecutor$Worker.run(ThreadPoolExecutor.java:642)
	at java.base/java.lang.Thread.run(Thread.java:1583)
... Removed 20 stack frames]]>
    </failure>
  </testcase> <!-- LoginErrorValidation -->
  <testcase classname="SeleniumLearning.SeleniumFrameworkPractice.ErrorValidationsTest" name="ProductErrorValidation" time="3.833"/>
</testsuite> <!-- Error validation Test -->
